a = 0
g = 0
h = 0
i = 0
j = 0
k = 0
a == a = true
a == g = true
a == h = true
a == i = true
a == j = true
a == k = true
g == g = true
g == h = true
g == i = true
g == j = true
g == k = true
g == a = true
h == h = true
h == i = true
h == j = true
h == k = true
h == a = true
h == g = true
i == i = true
i == j = true
i == k = true
i == a = true
i == g = true
i == h = true
j == j = true
j == k = true
j == a = true
j == g = true
j == h = true
j == i = true
k == k = true
k == a = true
k == g = true
k == h = true
k == i = true
k == j = true
a = 0
b = -507
c = 0
d = 275
e = -1111111111222222222233333333334444
f = -1111111111222222222233333333334444
a = -507
b = -507
c = -507
a == b = true
c == b = true
a = -12345678901234567890 b = 0
-12345678901234567890 == 0 = false
-12345678901234567890 <  0 = true
a = -1 b = 1
-1 == 1 = false
-1 <  1 = true
a = 0 b = -12345678901234567890
0 == -12345678901234567890 = false
0 <  -12345678901234567890 = false
a = 0 b = 12345678901234567890
0 == 12345678901234567890 = false
0 <  12345678901234567890 = true
a = 12345678901234567890 b = -12345678901234567890
12345678901234567890 == -12345678901234567890 = false
12345678901234567890 <  -12345678901234567890 = false
a = 12345678901234567890 b = 0
12345678901234567890 == 0 = false
12345678901234567890 <  0 = false
a = 0 b = 0
0 == 0 = true
0 <  0 = false
a = -98765432109876543210 b = -12345678901234567890
-98765432109876543210 == -12345678901234567890 = false
-98765432109876543210 <  -12345678901234567890 = true
a = -99999999999999999999 b = -99999999999999999998
-99999999999999999999 == -99999999999999999998 = false
-99999999999999999999 <  -99999999999999999998 = true
a = -99999999999999999998 b = -99999999999999999999
-99999999999999999998 == -99999999999999999999 = false
-99999999999999999998 <  -99999999999999999999 = false
a = -1234567890123456789 b = -1234
-1234567890123456789 == -1234 = false
-1234567890123456789 <  -1234 = true
a = -1234 b = -1234567890123456789
-1234 == -1234567890123456789 = false
-1234 <  -1234567890123456789 = false
a = 12345678901234567890 b = 12345678901234567890
12345678901234567890 == 12345678901234567890 = true
12345678901234567890 <  12345678901234567890 = false
a = 99999999999999999999 b = 99999999999999999998
99999999999999999999 == 99999999999999999998 = false
99999999999999999999 <  99999999999999999998 = false
a = 99999999999999999998 b = 99999999999999999999
99999999999999999998 == 99999999999999999999 = false
99999999999999999998 <  99999999999999999999 = true
a = 12345678901234567890 b = 98765432109876543210
12345678901234567890 == 98765432109876543210 = false
12345678901234567890 <  98765432109876543210 = true
a = 98765432109876543210 b = 12345678901234567890
98765432109876543210 == 12345678901234567890 = false
98765432109876543210 <  12345678901234567890 = false
a = 1234567890123456789 b = 1234
1234567890123456789 == 1234 = false
1234567890123456789 <  1234 = false
a = 1234 b = 1234567890123456789
1234 == 1234567890123456789 = false
1234 <  1234567890123456789 = true
a = 0 b = 0
0 == 0 = true
0 <  0 = false
a = 0 b = 0
0 == 0 = true
0 <  0 = false
a = 0 b = 0
0 == 0 = true
0 <  0 = false
a = 0 b = 0
0 == 0 = true
0 <  0 = false
a = 0 b = 0
0 == 0 = true
0 <  0 = false
a = 0 b = 0
0 == 0 = true
0 <  0 = false
a = 0 b = 0
0 == 0 = true
0 <  0 = false
a = 0 b = 0
0 == 0 = true
0 <  0 = false
a = 0 b = 0
0 == 0 = true
0 <  0 = false
